<?xml version="1.0" encoding="UTF-8"?>
<!-- Generated by org.testng.reporters.JUnitReportReporter -->
<testsuite hostname="LAPTOP-840DAPSM" failures="0" tests="2" name="TestNG.Test11" time="0.009" errors="0" timestamp="2023-10-30T08:48:23 IST" skipped="0">
  <testcase classname="TestNG.Test11" name="login4" time="0.001"/>
  <testcase classname="TestNG.Test11" name="login2" time="0.008"/>
</testsuite> <!-- TestNG.Test11 -->
