<?xml version="1.0" encoding="UTF-8"?>
<!-- Generated by org.testng.reporters.JUnitReportReporter -->
<testsuite hostname="LAPTOP-840DAPSM" failures="0" tests="2" name="TestNG.Test9" time="0.003" errors="0" timestamp="2023-10-30T08:45:07 IST" skipped="0">
  <testcase classname="TestNG.Test9" name="login" time="0.001"/>
  <testcase classname="TestNG.Test9" name="login" time="0.002"/>
</testsuite> <!-- TestNG.Test9 -->
