<?xml version="1.0" encoding="UTF-8"?>
<!-- Generated by org.testng.reporters.JUnitReportReporter -->
<testsuite hostname="LAPTOP-840DAPSM" failures="0" tests="1" name="TestNG.Test14" time="0.720" errors="0" timestamp="2023-10-30T08:56:21 IST" skipped="0">
  <testcase classname="TestNG.Test14" name="doLogin" time="0.720"/>
</testsuite> <!-- TestNG.Test14 -->
