<?xml version="1.0" encoding="UTF-8"?>
<!-- Generated by org.testng.reporters.JUnitReportReporter -->
<testsuite hostname="LAPTOP-840DAPSM" failures="0" tests="1" name="TestNG.Test8" time="0.007" errors="0" timestamp="2023-10-30T08:28:43 IST" skipped="0">
  <testcase classname="TestNG.Test8" name="login" time="0.007"/>
</testsuite> <!-- TestNG.Test8 -->
