<?xml version="1.0" encoding="UTF-8"?>
<!-- Generated by org.testng.reporters.JUnitReportReporter -->
<testsuite hostname="LAPTOP-840DAPSM" failures="0" tests="2" name="TestNG.Test10" time="0.015" errors="0" timestamp="2023-10-30T08:36:01 IST" skipped="0">
  <testcase classname="TestNG.Test10" name="login2" time="0.002"/>
  <testcase classname="TestNG.Test10" name="login1" time="0.013"/>
</testsuite> <!-- TestNG.Test10 -->
