<?xml version="1.0" encoding="UTF-8"?>
<!-- Generated by org.testng.reporters.JUnitReportReporter -->
<testsuite hostname="LAPTOP-840DAPSM" failures="0" tests="3" name="TestNG.Test12" time="0.014" errors="0" timestamp="2023-10-30T09:02:43 IST" skipped="0">
  <testcase classname="TestNG.Test12" name="doLogin" time="0.010"/>
  <testcase classname="TestNG.Test12" name="doUserCreate" time="0.002"/>
  <testcase classname="TestNG.Test12" name="doLogout" time="0.002"/>
</testsuite> <!-- TestNG.Test12 -->
