<?xml version="1.0" encoding="UTF-8"?>
<!-- Generated by org.testng.reporters.JUnitReportReporter -->
<testsuite hostname="LAPTOP-840DAPSM" failures="0" tests="1" name="TestNG.Test7" time="0.002" errors="0" timestamp="2023-10-28T09:53:12 IST" skipped="0">
  <testcase classname="TestNG.Test7" name="login" time="0.002"/>
</testsuite> <!-- TestNG.Test7 -->
