<?xml version="1.0" encoding="UTF-8"?>
<!-- Generated by org.testng.reporters.JUnitReportReporter -->
<testsuite hostname="LAPTOP-840DAPSM" failures="0" tests="3" name="TestNG.Test13" time="0.014" errors="0" timestamp="2023-10-30T08:54:54 IST" skipped="0">
  <testcase classname="TestNG.Test13" name="doLogin" time="0.012"/>
  <testcase classname="TestNG.Test13" name="doLogin" time="0.001"/>
  <testcase classname="TestNG.Test13" name="doLogin" time="0.001"/>
</testsuite> <!-- TestNG.Test13 -->
