<?xml version="1.0" encoding="UTF-8"?>
<!-- Generated by org.testng.reporters.JUnitReportReporter -->
<testsuite hostname="LAPTOP-840DAPSM" failures="0" tests="2" name="TestNG.Test4" time="0.012" errors="0" timestamp="2023-10-28T09:53:12 IST" skipped="0">
  <testcase classname="TestNG.Test4" name="doLogout" time="0.004"/>
  <testcase classname="TestNG.Test4" name="doLogin" time="0.008"/>
</testsuite> <!-- TestNG.Test4 -->
