<?xml version="1.0" encoding="UTF-8"?>
<!-- Generated by org.testng.reporters.JUnitReportReporter -->
<testsuite skipped="0" hostname="LAPTOP-840DAPSM" name="com.testng.demos.Test11" tests="1" failures="0" timestamp="2023-10-31T08:39:48 IST" time="0.005" errors="0">
  <testcase name="login2" time="0.005" classname="com.testng.demos.Test11"/>
  <system-out/>
</testsuite> <!-- com.testng.demos.Test11 -->
